/home/yamkelani/quast-5.3.0/quast.py contigs.fasta -o ../07_reports

Version: 5.3.0, c3eb988a

System information:
  OS: Linux-6.6.87.2-microsoft-standard-WSL2-x86_64-with-glibc2.39 (linux_64)
  Python version: 3.13.5
  CPUs number: 8

Started: 2025-10-15 14:10:25

Logging to /home/yamkelani/Klebs_miniProject/07_reports/quast.log
NOTICE: Maximum number of threads is set to 2 (use --threads option to set it manually)

CWD: /home/yamkelani/Klebs_miniProject/03_assembly
Main parameters: 
  MODE: default, threads: 2, min contig length: 500, min alignment length: 65, min alignment IDY: 95.0, \
  ambiguity: one, min local misassembly length: 200, min extensive misassembly length: 1000

WARNING: Can't draw plots: python-matplotlib is missing or corrupted.

Contigs:
  Pre-processing...
  contigs.fasta ==> contigs

2025-10-15 14:10:25
Running Basic statistics processor...
  Contig files: 
    contigs
  Calculating N50 and L50...
    contigs, N50 = 117411, L50 = 16, auN = 129194.4, Total length = 5613109, GC % = 57.11, # N's per 100 kbp =  0.00
Done.

NOTICE: Genes are not predicted by default. Use --gene-finding or --glimmer option to enable it.

2025-10-15 14:10:25
Creating large visual summaries...
This may take a while: press Ctrl-C to skip this step..
  1 of 1: Creating Icarus viewers...
Done

2025-10-15 14:10:25
RESULTS:
  Text versions of total report are saved to /home/yamkelani/Klebs_miniProject/07_reports/report.txt, report.tsv, and report.tex
  Text versions of transposed total report are saved to /home/yamkelani/Klebs_miniProject/07_reports/transposed_report.txt, transposed_report.tsv, and transposed_report.tex
  HTML version (interactive tables and plots) is saved to /home/yamkelani/Klebs_miniProject/07_reports/report.html
  Icarus (contig browser) is saved to /home/yamkelani/Klebs_miniProject/07_reports/icarus.html
  Log is saved to /home/yamkelani/Klebs_miniProject/07_reports/quast.log

Finished: 2025-10-15 14:10:25
Elapsed time: 0:00:00.409572
NOTICEs: 2; WARNINGs: 2; non-fatal ERRORs: 0

Thank you for using QUAST!
